
==============
20250921005114
==============
untracked file, adding: 03_Eddie_rechnet/220_Warum_die_Vasa_sinken_musste.md


==============
20250921034414
==============
untracked file, adding: 03_Eddie_rechnet/22.md


==============
20250921034457
==============
untracked file, adding: 03_Eddie_rechnet/101_Fischpopulation.md


==============
20250921034613
==============
untracked file, adding: 03_Eddie_rechnet/102-Rentiere.md


==============
20250921034725
==============
untracked file, adding: 03_Eddie_rechnet/102_Rentiere.md


==============
20250921034838
==============
untracked file, adding: 03_Eddie_rechnet/103_Der_naechste_See.md

