
==============
20250927145611
==============
untracked file, adding: .zettel-notes/patches/46/e0771b56-a72f-446a-9855-8485ad1f6fd0.diff
untracked file, adding: .zettel-notes/patches/27/bac1dc7e-e840-4fa8-942a-1ac0339598e2.diff
untracked file, adding: .zettel-notes/patches/66/766f3544-a006-498a-a0ac-980dc0ad59af.diff
untracked file, adding: .zettel-notes/patches/80/238f620b-b4a1-4d62-b724-b33cb3754ed3.diff
untracked file, adding: .zettel-notes/patches/117/dbbc4e67-e5c0-4d62-9ce9-684e473d6e29.diff
untracked file, adding: .zettel-notes/patches/233/55d68a42-86e2-465a-83c9-b6e76e5e1231.diff
untracked file, adding: .zettel-notes/patches/298/789f0323-ea07-44f4-be44-4e35f7485824.diff
untracked file, adding: .zettel-notes/patches/188/08e30e98-4d3c-437c-a641-b69065017db7.diff
untracked file, adding: .zettel-notes/patches/78/b847be34-a2cb-47c4-b6a9-628b3cae24fb.diff
untracked file, adding: .zettel-notes/patches/86/94805d96-9f61-490f-8fb1-7ccd243428c8.diff
untracked file, adding: .zettel-notes/patches/139/bcccba16-de4e-4320-a7fb-31d67c2f80e7.diff
untracked file, adding: .zettel-notes/patches/47/6657d2d3-b1e4-460a-9c9c-043247f48c36.diff
untracked file, adding: .zettel-notes/patches/156/9e10ef6b-bd9e-4143-baec-1493048d8b18.diff
untracked file, adding: .zettel-notes/patches/153/e2bb67cb-aea0-4475-ac66-2b7ffe2a68a2.diff
untracked file, adding: .zettel-notes/patches/167/672432f6-5eed-4f6e-970b-925ffd6c9083.diff
untracked file, adding: .zettel-notes/patches/102/f7d767e4-3998-4a44-a485-06956d16a4a7.diff
untracked file, adding: .zettel-notes/patches/47/70355754-a2bb-4f82-940f-b3e041bd9ea9.diff
untracked file, adding: .zettel-notes/patches/194/6972821d-1f33-4ab0-8814-dce66c68ab3f.diff
untracked file, adding: .zettel-notes/patches/117/7d79b2e0-8fc1-4643-bd50-95bd502e9c23.diff
untracked file, adding: .zettel-notes/patches/118/5a3b99df-7a6a-4a22-9224-7e789e60adc5.diff
untracked file, adding: .zettel-notes/patches/242/a9b1b652-311d-45e7-a3b7-b21bb24ca3a6.diff
untracked file, adding: .zettel-notes/patches/249/e2369738-7611-4034-a670-46ca2c6474ae.diff
untracked file, adding: .zettel-notes/patches/306/0f966822-ee0d-4f7f-8794-3a6da6adf4ec.diff
untracked file, adding: .zettel-notes/patches/54/8f333ca2-70bd-4c45-b4e5-a76b78b43152.diff
untracked file, adding: .zettel-notes/patches/128/221729a8-cd4b-41a7-beea-25d373b291c1.diff
untracked file, adding: .zettel-notes/patches/124/8d08e345-7f3a-4d7d-ad55-068b3e4a8bd7.diff
untracked file, adding: .zettel-notes/patches/207/ca7c07f5-ac00-45f4-ab74-5acc3c94d531.diff
untracked file, adding: .zettel-notes/patches/223/a66f5e85-3940-4c68-84d5-d7f11a41d07b.diff
untracked file, adding: .zettel-notes/patches/209/237b89d2-41df-4ad5-a16a-26ee4d3a0916.diff
untracked file, adding: .zettel-notes/patches/143/ab27fcef-c338-4509-b09e-956c905d4068.diff
untracked file, adding: .zettel-notes/patches/151/9f9d35ea-952e-491c-8011-6146c82faeed.diff
untracked file, adding: .zettel-notes/patches/143/44129300-d536-4633-8596-989f19f64fbf.diff
untracked file, adding: .zettel-notes/patches/64/228a533d-b6ca-4157-aee7-09cb92535792.diff
untracked file, adding: .zettel-notes/patches/117/4acc3d25-d799-4338-984f-5f34c8f442ca.diff
untracked file, adding: .zettel-notes/patches/160/4d9e0600-e6e2-4519-ac6c-54b78e86571f.diff
untracked file, adding: .zettel-notes/patches/194/b49edeb4-3eea-4700-bd75-412ddf45dd61.diff
untracked file, adding: .zettel-notes/patches/60/37276152-823a-4fbd-a1b9-6826f09b839e.diff
untracked file, adding: .zettel-notes/patches/203/7f8b60e5-c881-4093-a311-98544e0da7f3.diff
untracked file, adding: .zettel-notes/patches/118/172c1b55-2c09-48cf-a41c-42826e11678e.diff
untracked file, adding: .zettel-notes/patches/121/43865937-5b49-4b8f-af1f-a74c7554e2b1.diff
untracked file, adding: .zettel-notes/patches/295/707e8196-cbb4-4e3c-98b4-92a33c183406.diff
untracked file, adding: .zettel-notes/patches/117/1e324427-5e84-4785-8a32-9e6d55918243.diff
untracked file, adding: .zettel-notes/patches/145/05b47ce8-59a6-45b2-9753-22ea54735023.diff
untracked file, adding: .zettel-notes/patches/167/a6b13366-d11e-4b35-ab20-dc95e310abde.diff
untracked file, adding: .zettel-notes/patches/159/bf0612f9-6dee-42ed-abfa-dfb3e6c7b9c2.diff
untracked file, adding: .zettel-notes/patches/208/307c5af5-e8d4-44de-88ff-8f5dffe96a4b.diff
untracked file, adding: .zettel-notes/patches/299/4fd064db-c1b0-42b4-a518-cbcd578636e0.diff
untracked file, adding: .zettel-notes/patches/137/d035aa17-7c45-4607-92ff-fa0fbc76bfa6.diff
untracked file, adding: .zettel-notes/patches/296/c33423c9-29a1-4786-a946-d103379202e9.diff
untracked file, adding: .zettel-notes/patches/170/7980d812-51c0-4b1f-a451-5b5b0473f540.diff
untracked file, adding: .zettel-notes/patches/124/679efcf7-0d13-48f6-9999-e31d7ae19a31.diff
untracked file, adding: .zettel-notes/patches/18/5b980189-9c80-44b6-b36a-6023b7b6cc9c.diff
untracked file, adding: .zettel-notes/patches/309/6baea03a-880c-435a-a009-4cded872fd31.diff
untracked file, adding: .zettel-notes/patches/163/ec396806-cec4-472e-9cbd-57ecd6f4d3ed.diff
untracked file, adding: .zettel-notes/patches/156/232126c7-b348-4a7e-9293-6bb6a2348e2e.diff
untracked file, adding: .zettel-notes/patches/167/de520b4e-b2b7-4be0-8da6-4336637d3858.diff
untracked file, adding: .zettel-notes/patches/242/5d2e7c20-dc5d-4f68-b7b9-b15b1e6a300c.diff
untracked file, adding: .zettel-notes/patches/84/a8afeca4-de4f-4040-ab77-2d1b0dd8f900.diff
untracked file, adding: .zettel-notes/logs/sync/2025-09-17.log
untracked file, adding: .zettel-notes/patches/170/0b667be2-2f83-4271-8b93-c83870eaa88e.diff
untracked file, adding: .zettel-notes/patches/137/e0bba14c-c8ac-4b33-9b2b-061826f648fc.diff
untracked file, adding: .zettel-notes/patches/73/e503764d-007d-4f15-b3ab-8cca8dac2828.diff
untracked file, adding: .zettel-notes/patches/137/a71b3d0f-cbe2-45e1-83e4-4f7956d3c806.diff
untracked file, adding: .zettel-notes/patches/137/c7fa8097-3afe-45c3-9d4a-9ee85225ef75.diff
untracked file, adding: .zettel-notes/patches/223/aa779774-6d8c-4778-aa04-72e4287045bf.diff
untracked file, adding: .zettel-notes/patches/153/21046585-19f0-4ea6-8301-ba71aa5ee1b5.diff
untracked file, adding: .zettel-notes/patches/170/3f4de99e-4fe9-4e23-b693-a9beedb5a285.diff
untracked file, adding: .zettel-notes/patches/119/59fa81ea-3643-4a7d-be22-d21b8e03556f.diff
untracked file, adding: .zettel-notes/patches/170/19fb385f-4632-429a-afd6-0aa36e796179.diff
untracked file, adding: .zettel-notes/patches/73/6b7dea2d-5ab2-4562-9d0d-62ac210c8d93.diff
untracked file, adding: .zettel-notes/patches/34/c06d9303-34d7-43ca-b662-978cd426c6b8.diff
untracked file, adding: .zettel-notes/patches/219/e53a5a4b-309c-4c78-b60d-06cee9abc358.diff
untracked file, adding: .zettel-notes/patches/301/b096dd59-cd93-46d2-81a4-100a98943f8f.diff
untracked file, adding: .zettel-notes/patches/294/58da1e7c-4499-4726-9d74-ec96190f5435.diff
untracked file, adding: .zettel-notes/patches/117/efd71f9d-b3aa-41dc-906f-ef1a0ac77819.diff
untracked file, adding: .zettel-notes/patches/216/bfcb3eb4-2f80-4bfe-9466-46a82cc37330.diff
untracked file, adding: .zettel-notes/patches/139/e947f04b-9f33-4287-a621-6810a5ea90fb.diff
untracked file, adding: .zettel-notes/patches/200/e9e48123-bc3a-49f5-b93b-e521f52370bf.diff
untracked file, adding: .zettel-notes/patches/137/02501a21-9871-4662-b4da-3f8f94e99ffc.diff
untracked file, adding: .zettel-notes/patches/83/a2aee242-0c68-4caf-834b-6512465cab11.diff
untracked file, adding: .zettel-notes/patches/89/351ba80b-81bb-42cc-aa4d-5bc1cf1391ee.diff
untracked file, adding: .zettel-notes/patches/217/c0345d54-b5ab-4104-9058-8cb4c892dda2.diff
untracked file, adding: .zettel-notes/patches/223/6d3f73b5-dc87-44c6-ab61-9669e696206b.diff
untracked file, adding: .zettel-notes/patches/85/9637af75-262e-4c50-a3dd-23ccb61b7da7.diff
untracked file, adding: .zettel-notes/patches/203/9ef72bfc-e3f3-4cf7-b933-4aa18b6fae58.diff
untracked file, adding: .zettel-notes/patches/15/4411dd95-2125-4825-96cd-82a1ca2ee8a1.diff
untracked file, adding: .zettel-notes/patches/57/5312c1c0-0f2d-47c0-808b-d6c642680249.diff
untracked file, adding: .zettel-notes/patches/63/0e34f641-1776-45be-84da-2537168a16d5.diff
untracked file, adding: .zettel-notes/patches/304/600a7f87-7727-4dec-8b3d-a0134256a326.diff
untracked file, adding: .zettel-notes/patches/306/a548bd17-741a-4383-9554-686b1b936410.diff
untracked file, adding: .zettel-notes/patches/155/01b3b2af-1ab8-4320-92fe-b3507805ff33.diff
untracked file, adding: .zettel-notes/patches/205/f024a175-9d99-4162-b97a-987ab78349cf.diff
untracked file, adding: .zettel-notes/patches/197/cd9725ee-80b1-4941-8ece-cb414d69c158.diff
untracked file, adding: .zettel-notes/patches/95/98561bb3-2f1d-4cd1-8f94-14da98522108.diff
untracked file, adding: .zettel-notes/patches/205/5291f585-1f94-4385-b86a-defeda7484d1.diff
untracked file, adding: .zettel-notes/patches/15/5cd790b6-6087-479b-99f1-0a1ad1f0a018.diff
untracked file, adding: .zettel-notes/patches/142/2c25b964-7c96-4927-87e4-ded77e511d45.diff
untracked file, adding: .zettel-notes/patches/170/fa9e1e8b-25b1-442b-ba4c-05e1e37ca1f7.diff
untracked file, adding: .zettel-notes/patches/124/f0ac676f-6f35-4c4b-978d-099831964873.diff
untracked file, adding: .zettel-notes/patches/249/a347ca07-597f-4b30-b2f0-8f9e5ae1a595.diff
untracked file, adding: .zettel-notes/patches/169/1d23532e-6e0a-4b44-8daf-a8e9e9a0da8c.diff
untracked file, adding: .zettel-notes/patches/34/cb052d33-2494-4d93-81a5-df7868c26fa9.diff
untracked file, adding: .zettel-notes/patches/217/fbcc332a-c922-49c4-ba7d-16ea5eec3eb4.diff
untracked file, adding: .zettel-notes/patches/307/6044431d-f161-4f05-8f22-22890f484e7a.diff
untracked file, adding: .zettel-notes/patches/47/c6232f07-c7b0-4922-ae70-a175f4ff7052.diff
untracked file, adding: .zettel-notes/patches/139/32e72781-b03f-490f-82f2-29c9939c11f8.diff
untracked file, adding: .zettel-notes/patches/242/cfe86820-d55e-4dff-95ee-5992b0b77fd2.diff
untracked file, adding: .zettel-notes/patches/117/be5fc1be-7453-4600-be17-79524070d654.diff
untracked file, adding: .zettel-notes/patches/128/c767ce99-b285-4fe1-be53-1139ea45ae00.diff
untracked file, adding: .zettel-notes/patches/203/b9f5495f-16ed-48f4-9dbe-95ad11ce335d.diff
untracked file, adding: .zettel-notes/patches/74/c2308feb-fad2-4c0e-a691-358a747a77a3.diff
untracked file, adding: .zettel-notes/patches/164/da68ca18-da7f-42d5-979f-176b6bd932f3.diff
untracked file, adding: .zettel-notes/recycle-bin/.info/22.md.trashinfo
untracked file, adding: .zettel-notes/patches/166/15b951f7-b26a-498f-963b-b01c341b4d43.diff
untracked file, adding: .zettel-notes/patches/296/b2292da2-b6e9-408f-a362-6eee659ad1a9.diff
untracked file, adding: .zettel-notes/patches/136/e29a6088-41ba-417a-b399-f9ae5cda9f72.diff
untracked file, adding: .zettel-notes/patches/138/52532743-1efd-4eb8-b0dd-e70117e2f46d.diff
untracked file, adding: .zettel-notes/patches/243/e93a6657-6dba-4a44-948d-9dfe44a9326f.diff
untracked file, adding: .zettel-notes/patches/63/f78cd4a7-7980-49fd-9a8f-8623c3957e9c.diff
untracked file, adding: .zettel-notes/patches/133/642f5065-c15c-44cf-8538-24f60bd3e9fc.diff
untracked file, adding: .zettel-notes/patches/300/9d47d678-5edd-4c98-aa70-c4dae757121e.diff
untracked file, adding: .zettel-notes/patches/11/5457b040-fe16-4b0f-9c30-522fad2508a3.diff
untracked file, adding: .zettel-notes/recycle-bin/.info/270_Ankunft_in_Jotsenlampi.md.trashinfo
untracked file, adding: .zettel-notes/patches/73/fcf6a530-2d78-44c3-a086-8c6763bfa652.diff
untracked file, adding: .zettel-notes/patches/208/20060db5-6d3b-45cf-a013-3e2a49625094.diff
untracked file, adding: .zettel-notes/patches/70/355cd9c4-971b-4fbe-9db0-6998a84bc724.diff
untracked file, adding: .zettel-notes/patches/156/578643a2-561d-4623-b8d6-e4669e4150fd.diff
untracked file, adding: .zettel-notes/patches/12/1f53d8a6-5dc8-4e34-94e4-2099f0289a5f.diff
untracked file, adding: .zettel-notes/patches/307/75224f6c-f595-40b0-b33f-ee0e111f33fc.diff
untracked file, adding: .zettel-notes/patches/309/1735a7e3-c8ec-435f-b586-15a07f1f4d5b.diff
untracked file, adding: .zettel-notes/patches/216/87725ad7-b086-45fc-80ee-6d34be5d4df6.diff
untracked file, adding: .zettel-notes/patches/143/7a10a7d1-c215-46d6-a280-dfb1a5d73bf4.diff
untracked file, adding: .zettel-notes/patches/164/0e652166-46cf-4a78-a59b-5258864b5e87.diff
untracked file, adding: .zettel-notes/patches/150/b9c6a834-f0ef-4d88-9b04-0328b1afb244.diff
untracked file, adding: .zettel-notes/patches/15/191d753c-aaa7-49e3-952f-944ec1785510.diff
untracked file, adding: .zettel-notes/patches/152/acff476c-bc12-406d-9678-e3c072abd943.diff
untracked file, adding: .zettel-notes/patches/135/965dd024-e66c-433f-b8ab-de1d0a2ae469.diff
untracked file, adding: .zettel-notes/patches/25/ff7c5824-994e-4e47-83f0-5bff7d1f54d1.diff
untracked file, adding: .zettel-notes/patches/160/864e89fe-980c-4864-91b9-00791288a2bf.diff
untracked file, adding: .zettel-notes/patches/197/4a744d00-65d8-4800-b151-8d8004119e63.diff
untracked file, adding: .zettel-notes/patches/73/d3411d2f-5aae-4465-8530-90f801c4fec4.diff
untracked file, adding: .zettel-notes/patches/157/4af75889-fbc7-4d5c-a35c-d74d26c6aa48.diff
untracked file, adding: .zettel-notes/patches/242/05c6aff7-0686-4c6c-abc7-062dce0b874f.diff
untracked file, adding: .zettel-notes/patches/301/e5098dff-8b1c-437d-a72b-59bc7b279505.diff
untracked file, adding: .zettel-notes/patches/240/c8b05034-db36-4df1-a2f1-80706855a1c3.diff
untracked file, adding: .zettel-notes/patches/121/22f48f07-bef6-49d2-bac5-946ed5f99d79.diff
untracked file, adding: .zettel-notes/patches/149/a6e18d7a-c1d6-42ec-b73d-7a78ea3e860a.diff
untracked file, adding: .zettel-notes/patches/217/43fb8cb0-8184-471d-8c89-518b0c90e4d7.diff
untracked file, adding: .zettel-notes/patches/122/dfdd8ba3-110a-49e2-82e0-b17eeadf2dfe.diff
untracked file, adding: .zettel-notes/patches/188/db6b8202-a16e-4c20-ad27-0204fdf4bda7.diff
untracked file, adding: .zettel-notes/patches/209/f03a3daa-065c-489b-82e3-dcfbe667c517.diff
untracked file, adding: .zettel-notes/patches/121/a4493c9e-1558-4e04-9827-02094913a531.diff
untracked file, adding: .zettel-notes/patches/292/d9436a0f-f8b4-4ce2-9e98-6aaba0f98f63.diff
untracked file, adding: .zettel-notes/patches/24/2c8dbd49-cad6-412c-ab8d-ccc210159f19.diff
untracked file, adding: .zettel-notes/patches/159/ea67d28d-fb39-4c2e-9a63-9da4eb7ad2ed.diff
untracked file, adding: .zettel-notes/patches/163/e7909520-b23a-43c9-97c0-d0d468bdca1d.diff
untracked file, adding: .zettel-notes/patches/15/7d41d159-6001-45fe-bf38-82dbb4c15d4d.diff
untracked file, adding: .zettel-notes/patches/240/8f396778-fa7f-4c25-a1fc-dfea88229ab7.diff
untracked file, adding: .zettel-notes/patches/162/b716542f-f598-4f8a-b5c2-38acf91bf7d5.diff
untracked file, adding: .zettel-notes/patches/170/60a0ac17-b223-41d9-999d-e3910c9f0046.diff
untracked file, adding: .zettel-notes/patches/161/94e42773-28c8-4ad0-b74a-26039b52df2c.diff
untracked file, adding: .zettel-notes/patches/170/7f5fe1ff-98ce-4167-a8ff-f1b1ec33dbe1.diff
untracked file, adding: .zettel-notes/patches/131/df377751-677c-45c6-bad2-f931c9a7cda6.diff
untracked file, adding: .zettel-notes/patches/233/46b2b0ce-5cf8-4b3e-8752-8f80b1f212af.diff
untracked file, adding: .zettel-notes/patches/14/18c246d1-3539-4f9e-a8bd-090af991d611.diff
untracked file, adding: .zettel-notes/patches/145/97ef46b7-4abd-4851-bd08-1dfba35ef107.diff
untracked file, adding: .zettel-notes/patches/134/0db69222-4045-4fda-a3e2-2493c68aa5c5.diff
untracked file, adding: .zettel-notes/patches/158/98868538-c73c-4b98-ab25-3bb07078207f.diff
untracked file, adding: .zettel-notes/patches/74/3c533d99-9415-44c3-a334-552513d3e7d3.diff
untracked file, adding: .zettel-notes/patches/223/d255cac5-de09-46e2-8d1e-f44a48c96aa4.diff
untracked file, adding: .zettel-notes/patches/167/f22e5071-c663-4e5b-a3ba-68841ff40bf3.diff
untracked file, adding: .zettel-notes/patches/296/90ad3281-1da1-4b18-b310-86bbdbad4fa1.diff
untracked file, adding: .zettel-notes/patches/188/5d4bbaca-a095-4549-ad76-322a9dbac0d8.diff
untracked file, adding: .zettel-notes/logs/sync/2025-09-15.log
untracked file, adding: .zettel-notes/patches/309/1e6955b5-dcea-4e58-a640-3aa04f073f6d.diff
untracked file, adding: .zettel-notes/patches/293/3906815f-8968-4d4e-a1db-1d85d5257724.diff
untracked file, adding: .zettel-notes/patches/170/1f737530-a68d-4cde-a686-50ca825918c0.diff
untracked file, adding: .zettel-notes/patches/302/1696dcf5-309f-4b03-9917-d62ec86fdd4f.diff
untracked file, adding: .zettel-notes/patches/19/36504c24-26b3-44db-8972-6eb6b05cf27e.diff
untracked file, adding: .zettel-notes/patches/165/cb1205c2-a8a6-4961-af17-3be527c0a8af.diff
untracked file, adding: .zettel-notes/patches/205/a874c4b8-c7cb-454b-9d90-15c06f7f58d7.diff
untracked file, adding: .zettel-notes/patches/209/1ce73746-26fa-4f23-8794-cefb585a2064.diff
untracked file, adding: .zettel-notes/patches/54/93bd6fc9-4c1d-4023-a9cb-6abe97767e8a.diff
untracked file, adding: .zettel-notes/patches/203/ce5270af-9901-403c-8e0e-b959e5344d82.diff
untracked file, adding: .zettel-notes/patches/321/bc41fe3f-d117-4c9e-8ee7-a51ef9aff927.diff
untracked file, adding: .zettel-notes/patches/80/623a6e9c-b6be-4b9d-b307-03b45926b0db.diff
untracked file, adding: .zettel-notes/patches/164/cd40a981-5230-4617-9a9b-f6362802e77d.diff
untracked file, adding: .zettel-notes/patches/14/4a514215-1744-419d-afd5-9423b679e4a2.diff
untracked file, adding: .zettel-notes/patches/89/0b058813-427a-493b-866f-4fe9c36ac695.diff
untracked file, adding: .zettel-notes/patches/18/577dc972-9b38-4d94-a2ef-22e835519275.diff
untracked file, adding: .zettel-notes/patches/27/45e0ac49-4a68-4cf1-ba56-4fe2e10ca933.diff
untracked file, adding: .zettel-notes/config.toml
untracked file, adding: .zettel-notes/patches/126/645f452f-db4b-4491-89dd-3930035edd1b.diff
untracked file, adding: .zettel-notes/patches/321/2028a331-5521-44b9-95a1-72276eb2777e.diff
untracked file, adding: .zettel-notes/patches/104/ebf28998-8308-4fcf-a5e6-9ad713cdaca7.diff
untracked file, adding: .zettel-notes/patches/217/e19744ee-b026-4e98-92d8-6c4b2d0d8a5c.diff
untracked file, adding: .zettel-notes/patches/8/c60eb190-a145-4404-b632-62de31b2dd1f.diff
untracked file, adding: .zettel-notes/patches/44/aae41b0a-0325-4d4b-be70-5e4eccc8e3ee.diff
untracked file, adding: .zettel-notes/patches/223/f33d1148-242e-49d9-a388-ed636ae67c2a.diff
untracked file, adding: .zettel-notes/patches/133/ed60f566-3741-45ab-906a-7fbebe4e62ae.diff
untracked file, adding: .zettel-notes/patches/21/011f3612-710f-4672-9578-c04663602527.diff
untracked file, adding: .zettel-notes/patches/219/cdbbc073-5889-49b1-a8dc-42418c92e988.diff
untracked file, adding: .zettel-notes/patches/292/0da88958-0f61-41bd-b9e7-dd58e5e16819.diff
untracked file, adding: .zettel-notes/patches/57/70705dcb-0917-4b78-9f4b-f4d40feb6f78.diff
untracked file, adding: .zettel-notes/patches/120/380efdbe-056c-418c-b77d-d7d97f6b7c42.diff
untracked file, adding: .zettel-notes/patches/143/f8821bfa-8452-4914-acbe-64c68b680555.diff
untracked file, adding: .zettel-notes/patches/150/217f2c31-be8f-4e89-a9cc-8fea8b2f0e9c.diff
untracked file, adding: .zettel-notes/patches/127/8dce06db-147c-41b5-8821-a8ae1a58e58c.diff
untracked file, adding: .zettel-notes/patches/129/cb59f306-eb56-44b4-8513-1ff129fcab97.diff
untracked file, adding: .zettel-notes/patches/55/c42ebf45-d824-4fe5-bcf0-6d4874d32b15.diff
untracked file, adding: .zettel-notes/patches/133/58c8de7d-f6a7-47ed-957e-d533d866635b.diff
untracked file, adding: .zettel-notes/patches/21/5616023b-69d6-49ee-9f3c-7c25b2de5211.diff
untracked file, adding: .zettel-notes/patches/128/e83a9fae-1af6-449c-810f-dc66ec62059c.diff
untracked file, adding: .zettel-notes/patches/12/cade10b4-946d-4a04-a3d6-dfa86ebd7a46.diff
untracked file, adding: .zettel-notes/patches/82/a0de8ae9-e7b4-455e-b9ac-07d163fbbda6.diff
untracked file, adding: .zettel-notes/patches/311/4e1d2460-dec5-4b24-8af3-ac4f1cbb66c3.diff
untracked file, adding: .zettel-notes/patches/91/37db5bd1-246f-4a2e-81fe-d3e6c835f4eb.diff
untracked file, adding: .zettel-notes/patches/138/d3bfa18e-27ed-41dc-af39-46b6c07d6e16.diff
untracked file, adding: .zettel-notes/patches/126/1f5d608f-e912-4a61-bbd6-7b0dc9cc3152.diff
untracked file, adding: .zettel-notes/patches/131/f377bb08-04ae-4b49-ab42-199d890a70c3.diff
untracked file, adding: .zettel-notes/patches/242/60c0c9d3-0d6a-4dbb-9e5f-e6a1e0a1b0b6.diff
untracked file, adding: .zettel-notes/patches/59/7abd9a49-f410-406b-9032-f3697487f683.diff
untracked file, adding: .zettel-notes/patches/203/9ab549bc-e7d2-44da-b78f-8ef4b5c40381.diff
untracked file, adding: .zettel-notes/patches/203/896f34f1-d9ee-4beb-a2eb-df641eb1882b.diff
untracked file, adding: .zettel-notes/patches/207/14cddbe0-8ff4-4f88-a08c-2260d63e56d6.diff
untracked file, adding: .zettel-notes/patches/143/a9a90fc2-9d8a-4854-a507-e3420d4fa066.diff
untracked file, adding: .zettel-notes/patches/300/eeead174-5115-4aa1-b0a9-ce09693560c8.diff
untracked file, adding: .zettel-notes/patches/120/c2261a56-fe4c-48a0-903b-15971b2d6935.diff
untracked file, adding: .zettel-notes/patches/158/d8f13e36-4021-44c6-b238-6c2e3f06ef5c.diff
untracked file, adding: .zettel-notes/patches/46/dcc80d97-33bf-4cab-9ee6-ff193a29b639.diff
untracked file, adding: .zettel-notes/patches/167/09722703-8a48-4fd5-8e5f-2014d2cd3ec0.diff
untracked file, adding: .zettel-notes/patches/312/5ad58428-5861-4558-b94f-f9e0ccc690dd.diff
untracked file, adding: .zettel-notes/patches/149/bab02d95-f1b0-44ba-a675-2bb45cd737c2.diff
untracked file, adding: .zettel-notes/patches/167/203313bd-9dd8-4eed-9074-794333ee1ccf.diff
untracked file, adding: .zettel-notes/patches/129/69b2751b-bb79-4d23-9985-8738cf6a2a75.diff
untracked file, adding: .zettel-notes/patches/14/07beb58e-8bda-4922-bb1f-63dfed70092f.diff
untracked file, adding: .zettel-notes/patches/249/628df5d8-cd28-4e7c-8650-2e82878b4dd7.diff
untracked file, adding: .zettel-notes/patches/138/f1b37c44-bb96-4533-b775-820a1dabb51c.diff
untracked file, adding: .zettel-notes/patches/195/934b0893-d821-4e47-82cd-8358f02c6cb7.diff
untracked file, adding: .zettel-notes/patches/209/a5138488-2bfe-4592-9255-7c6134f0c74f.diff
untracked file, adding: .zettel-notes/patches/205/bb5234bb-58ea-4bb8-a4e6-08b193ec5c49.diff
untracked file, adding: .zettel-notes/patches/155/5f1a4db3-5a93-4176-9524-ce1a31d2ae0b.diff
untracked file, adding: .zettel-notes/patches/47/e952424d-8306-494e-a421-9f6440a91215.diff
untracked file, adding: .zettel-notes/patches/57/6f2af2d5-abc2-4a86-b810-e50e9d3ae951.diff
untracked file, adding: .zettel-notes/patches/152/b0e89a0b-09e9-4a94-8421-7dd1ad052092.diff
untracked file, adding: .zettel-notes/patches/27/c0006289-dc4d-462c-93fc-a5ca591c7f12.diff
untracked file, adding: .zettel-notes/patches/58/a2ce2d5d-d20c-476f-8e3c-326718356361.diff
untracked file, adding: .zettel-notes/patches/74/c119722b-6ea8-40cd-8a27-f52127d235e3.diff
untracked file, adding: .zettel-notes/patches/312/514d9d68-6921-4133-a96f-0d4f270765c9.diff
untracked file, adding: .zettel-notes/patches/140/28347e9b-857d-4f49-ade7-30d9f03a370b.diff
untracked file, adding: .zettel-notes/patches/283/e7eeabf3-aea3-4fa0-960d-2fe145e5825d.diff
untracked file, adding: .zettel-notes/patches/119/410f4767-b8b9-4453-948d-c53c356eefa9.diff
untracked file, adding: .zettel-notes/patches/188/95a8d5bf-1657-4d5f-bdf1-f8460ecdce35.diff
untracked file, adding: .zettel-notes/patches/131/e6b84b29-c73f-4dce-9aeb-75279463d6ba.diff
untracked file, adding: .zettel-notes/patches/47/afdf71c0-51cf-4542-b62f-0e81fc2cdc12.diff
untracked file, adding: .zettel-notes/patches/316/e96e4369-6100-4e51-abb6-e1ea78cdf261.diff
untracked file, adding: .zettel-notes/patches/304/9022f72e-cf94-4a85-a1e9-9ffcedeb74ef.diff
untracked file, adding: .zettel-notes/patches/207/41892de8-b420-4c96-b985-1a5d7944955f.diff
untracked file, adding: .zettel-notes/patches/131/dc8f4040-9413-44dd-8462-0406fe0c4281.diff
untracked file, adding: .zettel-notes/patches/96/01a53163-49b3-41a0-a30c-f883298607a2.diff
untracked file, adding: .zettel-notes/patches/170/f563da18-6d55-4680-9a71-16380a5d8ba3.diff
untracked file, adding: .zettel-notes/patches/154/614ae93c-933f-4494-9508-033d609d3c29.diff
untracked file, adding: .zettel-notes/patches/119/cdf48e38-d9f6-4be4-a54d-0f235d394625.diff
untracked file, adding: .zettel-notes/patches/223/4ccb04ae-29fe-4921-bd67-391cf0ce1f9b.diff
untracked file, adding: .zettel-notes/patches/119/ac32bf2e-4753-42bc-8946-0d9e8ee9e2b2.diff
untracked file, adding: .zettel-notes/patches/219/63af15ce-9728-4f03-b045-1be162083381.diff
untracked file, adding: .zettel-notes/patches/146/6b945cb0-a3bf-43cc-adc2-b8f09feb9c21.diff
untracked file, adding: .zettel-notes/patches/59/8eb2bd7e-374a-42b0-ad34-5528c296494c.diff
untracked file, adding: .zettel-notes/patches/305/b54abc85-dc4b-4352-87b2-a9470896aa30.diff
untracked file, adding: .zettel-notes/patches/19/9c89f5c2-a29f-4e52-ab46-d8f035eba2e2.diff
untracked file, adding: .zettel-notes/patches/208/9223cc27-bf58-47db-a108-6fb99fd8840a.diff
untracked file, adding: .zettel-notes/patches/209/f99fb5f7-dd88-4305-8df3-d12564fdf804.diff
untracked file, adding: .zettel-notes/patches/133/5934e13b-20d2-4cb4-896f-0010120c74d3.diff
untracked file, adding: .zettel-notes/logs/sync/2025-09-21.log
untracked file, adding: .zettel-notes/patches/193/a515579e-847a-4f15-9b84-6dec1a0c4efb.diff
untracked file, adding: .zettel-notes/patches/74/28068f3b-4e41-4bab-abc9-51727fda7e78.diff
untracked file, adding: .zettel-notes/patches/144/431ffa08-61a1-42c7-aa09-4805ffc2d9d0.diff
untracked file, adding: .zettel-notes/patches/18/400c6bd7-4d37-4112-b242-fcf51e0349ce.diff
untracked file, adding: .zettel-notes/patches/214/a6169796-b704-496b-a483-e7c129d36a7c.diff
untracked file, adding: .zettel-notes/patches/311/585ecef2-d431-43de-916a-13a4cc14a328.diff
untracked file, adding: .zettel-notes/patches/142/bb5d0f6e-9f0f-4434-983d-7a1745a98e54.diff
untracked file, adding: .zettel-notes/patches/203/fb26bb0f-25f8-422b-8740-beed67ab3cab.diff
untracked file, adding: .zettel-notes/patches/82/b789769e-7a81-4a7e-972d-79c33a0f9ce7.diff
untracked file, adding: .zettel-notes/patches/58/5dcd6567-b133-4fd6-809d-89372704b5f0.diff
untracked file, adding: .zettel-notes/patches/170/452bb7e1-9a96-4762-9f0d-8fe29cdc885d.diff
untracked file, adding: .zettel-notes/patches/244/1644b578-5e8b-445d-ae8e-8ef4c6e92b6c.diff
untracked file, adding: .zettel-notes/patches/239/f0925f42-2f3c-4857-8f10-f3e32d0e8fc7.diff
untracked file, adding: .zettel-notes/patches/95/35017925-fba0-4b6b-819b-be4ff0f0202c.diff
untracked file, adding: .zettel-notes/patches/205/a4613290-c115-4d5d-9b4f-ffd657bffc45.diff
untracked file, adding: .zettel-notes/patches/294/46a2f2a2-cd6e-43db-a867-af145ee1a504.diff
untracked file, adding: .zettel-notes/patches/23/84560383-f5e6-492a-8fdf-694472281444.diff
untracked file, adding: .zettel-notes/patches/166/ec127bc3-9ea8-4ee1-a121-e309123c05bf.diff
untracked file, adding: .zettel-notes/patches/132/1aeed06f-6053-47ef-8e7d-c4f92906e8e9.diff
untracked file, adding: .zettel-notes/patches/305/c029dd36-c866-45f7-a033-a2e1244918a1.diff
untracked file, adding: .zettel-notes/patches/201/6a13477e-9f75-43a9-88f0-f6ac7c1de632.diff
untracked file, adding: .zettel-notes/patches/70/2288b9e8-65a5-4a3a-a219-a518b12e15d2.diff
untracked file, adding: .zettel-notes/patches/151/27507eb1-17ea-4347-ae93-d1c7bfba27d8.diff
untracked file, adding: .zettel-notes/patches/170/45fd6363-d0b2-4fef-a14b-bf97594a262a.diff
untracked file, adding: .zettel-notes/patches/58/5f3e253a-80b2-4082-b9ad-a81fa50f959c.diff
untracked file, adding: .zettel-notes/patches/64/895c5b7b-5af9-4cc2-b47e-26a076ecc817.diff
untracked file, adding: .zettel-notes/patches/120/01e8eeee-d0bb-4234-9740-dac7e6dbd4ce.diff
untracked file, adding: .zettel-notes/patches/201/73cc60d7-0674-46be-9465-8f89a452b75f.diff
untracked file, adding: .zettel-notes/patches/193/b40e799a-ff8e-4da0-8f2e-4392a7c8afd2.diff
untracked file, adding: .zettel-notes/patches/122/854a3427-4c72-4964-8635-191b9baea090.diff
untracked file, adding: .zettel-notes/patches/167/26ec14ee-7f80-4f3f-8271-99fc382ba237.diff
untracked file, adding: .zettel-notes/patches/302/b70dc1af-aff6-435e-9dde-5ac534de242a.diff
untracked file, adding: .zettel-notes/patches/60/50414884-8fa5-473e-903d-6fab91e29683.diff
untracked file, adding: .zettel-notes/patches/249/7d1318c9-6780-4087-be12-7b24e8b9b5a1.diff
untracked file, adding: .zettel-notes/patches/170/e2fe57db-3906-4cb2-8000-c0204cadcb3f.diff
untracked file, adding: .zettel-notes/patches/244/6e37a7ce-bab4-4d68-972d-ac96480e0442.diff
untracked file, adding: .zettel-notes/patches/201/a9f9083d-5ae3-420c-8980-e27ad7f6eb1a.diff
untracked file, adding: .zettel-notes/patches/209/d2be6f8f-03d0-4a52-ba5b-14bd45fb4f1e.diff
untracked file, adding: .zettel-notes/patches/294/e5575608-d2a7-45c3-bad0-05318656dcd1.diff
untracked file, adding: .zettel-notes/patches/11/39a5c451-d014-47c0-b9c0-2cc64faaa745.diff
untracked file, adding: .zettel-notes/patches/27/5b699abe-7b25-4ddd-87ea-49cbbb2a7bff.diff
untracked file, adding: .zettel-notes/patches/308/cd1a9096-7baa-4603-b649-1136da483874.diff
untracked file, adding: .zettel-notes/patches/60/ed049d32-6707-4e56-a657-bc1cacc914de.diff
untracked file, adding: .zettel-notes/patches/11/96b0fd7a-d326-4436-aebc-e849ce74fcac.diff
untracked file, adding: .zettel-notes/patches/91/f0b2175e-f5b2-430d-bab8-d3a526bef2bc.diff
untracked file, adding: .zettel-notes/patches/126/2400874a-5e9e-452c-919e-8b0a40b742a9.diff
untracked file, adding: .zettel-notes/patches/301/f4fe0e9a-e3dc-46b8-bfc4-033c7fe4aae0.diff
untracked file, adding: .zettel-notes/patches/166/90a80e7c-e7f8-4c60-90fb-811e72d3ebe6.diff
untracked file, adding: .zettel-notes/patches/157/36ee1720-0d71-4128-a983-8af73a2655a2.diff
untracked file, adding: .zettel-notes/patches/147/74efd311-2235-4c04-8824-6051fe0280c2.diff
untracked file, adding: .zettel-notes/patches/165/9456ce59-2b1e-43da-9e5e-65976d4a3cd2.diff
untracked file, adding: .zettel-notes/patches/303/48fb8490-2a11-4721-99f5-12f47177834c.diff
untracked file, adding: .zettel-notes/patches/139/ffc35f18-f2c5-4756-946e-1bad2c971d9b.diff
untracked file, adding: .zettel-notes/patches/223/2d6543af-ddd1-4405-aed9-a0185bc2f320.diff
untracked file, adding: .zettel-notes/patches/217/89f4c2f7-91ec-4abd-8b2d-7921d0d6f98f.diff
untracked file, adding: .zettel-notes/patches/28/63021d70-34ba-40c4-85bd-a0f69254801a.diff
untracked file, adding: .zettel-notes/patches/135/a5b86c40-ba49-449c-baef-68bd646b387d.diff
untracked file, adding: .zettel-notes/patches/15/046960a2-486a-4860-a466-54740ed823ed.diff
untracked file, adding: .zettel-notes/patches/151/372976b2-464b-4214-9e01-0c0f45d7de75.diff
untracked file, adding: .zettel-notes/patches/308/d1a47877-8969-4c2a-a1da-472b4352a922.diff
untracked file, adding: .zettel-notes/patches/322/06be779b-74be-4028-ad46-83b04e832a20.diff
untracked file, adding: .zettel-notes/patches/60/64c7a785-06a9-4067-b254-53150860e6c5.diff
untracked file, adding: .zettel-notes/patches/193/8f52d087-49f8-4d95-924d-2af354d36bc4.diff
untracked file, adding: .zettel-notes/patches/170/21887f87-4656-4dbd-9a8f-ba82aaefec33.diff
untracked file, adding: .zettel-notes/patches/117/a48e347c-6b52-48c6-94d8-f52d9213715b.diff
untracked file, adding: .zettel-notes/patches/120/e818423b-e135-42a0-bdb4-ad138972bc49.diff
untracked file, adding: .zettel-notes/patches/89/164f6f38-e730-4990-aa92-357b7d588c3c.diff
untracked file, adding: .zettel-notes/patches/214/708a6101-5267-4908-b837-dd03b3d7617b.diff
untracked file, adding: .zettel-notes/patches/170/52c88362-d383-4fc4-9b62-446978e296a6.diff
untracked file, adding: .zettel-notes/patches/144/05a87665-43f5-4eb3-844e-f20eba368a92.diff
untracked file, adding: .zettel-notes/patches/300/3a265fc0-daad-4360-8c70-5289c1d3d0da.diff
untracked file, adding: .zettel-notes/patches/298/04c9a691-1d6e-4226-a7f7-e825fabb4b59.diff
untracked file, adding: .zettel-notes/patches/297/1da5dcfb-9d98-44af-bff1-81cda673ad17.diff
untracked file, adding: .zettel-notes/patches/145/b0b03a58-eccb-4a1c-a9b4-4a94342e2a68.diff
untracked file, adding: .zettel-notes/patches/145/c1332d82-43da-4b5f-9c5c-cc1f790a4d9f.diff
untracked file, adding: .zettel-notes/logs/sync/2025-09-22.log
untracked file, adding: .zettel-notes/recycle-bin/270_Ankunft_in_Jotsenlampi.md
untracked file, adding: .zettel-notes/patches/223/75a35be3-3cd0-413f-9fa3-f80367ab13bb.diff
untracked file, adding: .zettel-notes/patches/244/67617e23-6a0d-41b0-83fd-52390431da21.diff
untracked file, adding: .zettel-notes/patches/149/29cd1773-e455-4eda-b9a5-92f4d5310437.diff
untracked file, adding: .zettel-notes/patches/167/61f83a1c-a5a8-47e6-9a68-fe1944849180.diff
untracked file, adding: .zettel-notes/patches/47/b3af6d15-5842-4b69-b2c2-d5ee55d7b97e.diff
untracked file, adding: .zettel-notes/patches/18/a57b1ef6-193f-461e-a2f8-4d0acc03263f.diff
untracked file, adding: .zettel-notes/patches/302/901f298a-f526-44e9-81c9-340b5c83ee43.diff
untracked file, adding: .zettel-notes/patches/47/5e4e7ad7-9ead-4c81-88dc-a6dcc999c4c5.diff
untracked file, adding: .zettel-notes/patches/122/c9099021-f562-4d08-bbe3-1b159e4a5e76.diff
untracked file, adding: .zettel-notes/patches/124/6aa3a5e3-d74b-4533-ac6c-512198e0a98f.diff
untracked file, adding: .zettel-notes/patches/119/13c35865-d4aa-4073-be51-f416ea081016.diff
untracked file, adding: .zettel-notes/patches/55/0fbeab25-fd67-43fb-85df-40aba9cfb57f.diff
untracked file, adding: .zettel-notes/patches/18/1c60ec11-0468-4986-90ab-3b55714c8042.diff
untracked file, adding: .zettel-notes/patches/158/1c6286a4-3a3d-448a-9d4d-36fb8404262d.diff
untracked file, adding: .zettel-notes/patches/128/f64bd128-e81c-4123-91ea-9b95705e1c56.diff
untracked file, adding: .zettel-notes/patches/137/ec286e79-579b-496c-bf17-ddf85c04c434.diff
untracked file, adding: .zettel-notes/patches/299/75af8472-ac80-4832-a3ee-b2d22b855f76.diff
untracked file, adding: .zettel-notes/patches/87/d5fbf87b-25b3-4ca4-87bf-ef7fad88f453.diff
untracked file, adding: .zettel-notes/patches/219/e4c355b2-4dff-4f76-adda-5bf0a35b835d.diff
untracked file, adding: .zettel-notes/patches/120/016a932c-5d9c-486d-af44-4e5d48ee2a92.diff
untracked file, adding: .zettel-notes/patches/142/3061f8fe-238b-431e-a638-501f3f3844ca.diff
untracked file, adding: .zettel-notes/patches/135/d7a6f063-46dc-44a3-a955-42f5535e1a99.diff
untracked file, adding: .zettel-notes/patches/55/0cdffd60-b274-4286-a688-06dc9bffc49c.diff
untracked file, adding: .zettel-notes/patches/121/f0043ca1-03a2-4f47-8412-4fe80473c0f1.diff
untracked file, adding: .zettel-notes/patches/21/0ca20832-17e5-4813-afdc-1bb3b4a69dae.diff
untracked file, adding: .zettel-notes/patches/305/984f4095-2451-4042-ba20-f5cd1403b6c2.diff
untracked file, adding: .zettel-notes/patches/149/8dfaecc9-f0e2-4d4e-8224-ccf796d7c456.diff
untracked file, adding: .zettel-notes/patches/153/a0e8c6f0-b0e9-47b9-8c96-d290eb69c376.diff
untracked file, adding: .zettel-notes/patches/18/a7d13cd4-5fc2-4cbb-98bc-53a07b12bcec.diff
untracked file, adding: .zettel-notes/patches/214/5e40f7eb-ec5b-4f09-892c-58597c065750.diff
untracked file, adding: .zettel-notes/patches/217/10a15806-ed74-42e4-9cf4-d09f79392e50.diff
untracked file, adding: .zettel-notes/patches/21/eb872e7f-b17b-4b80-94ac-9b55182fce61.diff
untracked file, adding: .zettel-notes/patches/304/8f1c39dc-855b-4226-8254-733892f4d431.diff
untracked file, adding: .zettel-notes/patches/242/94410bcd-01f5-4d96-9c9d-4cf36a1e4f96.diff
untracked file, adding: .zettel-notes/patches/128/fc5a2be6-8718-450a-87dc-521a8fcc7c89.diff
untracked file, adding: .zettel-notes/patches/223/893f766a-06a3-46e2-8e48-3b2ced3761de.diff
untracked file, adding: .zettel-notes/patches/137/67c50def-0a8e-46ec-a60b-e6d9519d1b41.diff
untracked file, adding: .zettel-notes/patches/320/964c9225-d816-4879-89d7-a896ffae56dc.diff
untracked file, adding: .zettel-notes/patches/249/0bb9ae38-7b37-471b-a439-8e656250eb2c.diff
untracked file, adding: .zettel-notes/patches/43/9615a3e9-7860-4679-8ed2-fa27511953ce.diff
untracked file, adding: .zettel-notes/patches/170/0911cffe-e32d-4895-968a-bd4cbd1ad883.diff
untracked file, adding: .zettel-notes/patches/299/278607db-d95b-4a13-8750-092089a7c756.diff
untracked file, adding: .zettel-notes/patches/118/20ca82e3-04b8-4a92-9d34-a94eb09ada73.diff
untracked file, adding: .zettel-notes/patches/249/90cb6f35-bb38-4ab3-aba7-86ca21a4a47c.diff
untracked file, adding: .zettel-notes/patches/216/65a9ba63-49bb-41bb-92e0-4f476f13dbea.diff
untracked file, adding: .zettel-notes/patches/307/72010165-85f0-4987-bbc1-9eb5b132ce01.diff
untracked file, adding: .zettel-notes/recycle-bin/22.md
untracked file, adding: .zettel-notes/patches/122/76b54fc4-dfcd-440c-844d-5636560e1a1b.diff
untracked file, adding: .zettel-notes/patches/138/de702ff9-1b2e-4245-87b2-ed4b099c9a8f.diff
untracked file, adding: .zettel-notes/patches/209/42a037e0-20dc-4502-a1fe-1eb0404f9e91.diff
untracked file, adding: .zettel-notes/patches/47/9da88510-056d-479f-add8-83018cdd574e.diff
untracked file, adding: .zettel-notes/patches/135/945b7236-ee06-432c-954f-9fc39aa7055e.diff
untracked file, adding: .zettel-notes/patches/145/f5607891-0e36-4ddc-a656-a606eb4b8ecb.diff
untracked file, adding: .zettel-notes/patches/40/2da5b160-3bea-4185-9fe5-d498dbe54e1a.diff
untracked file, adding: .zettel-notes/patches/165/82056019-c2d1-4e75-946a-af6a6059208c.diff
untracked file, adding: .zettel-notes/patches/249/832b769c-a9bc-48ab-883c-a6fc3bc7923f.diff
untracked file, adding: .zettel-notes/patches/21/f238eaeb-3074-449d-a5d4-eba673eed3a2.diff
untracked file, adding: .zettel-notes/patches/18/badda474-1a40-4481-9c69-e789a370604c.diff
untracked file, adding: .zettel-notes/patches/120/069e449b-8b6a-4ac3-8893-b663b79b3504.diff
untracked file, adding: .zettel-notes/patches/194/2784727d-db2f-4ab8-ae30-ccac710fa25f.diff
untracked file, adding: .zettel-notes/patches/150/3f66dd3b-521e-4865-908e-fec647a755ab.diff
untracked file, adding: .zettel-notes/patches/129/37f3882c-78b2-4fb4-9e7a-d26f4adeb1d7.diff
untracked file, adding: .zettel-notes/patches/155/b27e8b06-3bb2-4c56-bb54-c6311397ee5b.diff
untracked file, adding: .zettel-notes/patches/104/b9cadc6d-5e08-47bb-85d9-75f3e6a13056.diff
untracked file, adding: .zettel-notes/patches/170/a4d701d9-69c6-4a8c-a16a-92d897048172.diff
untracked file, adding: .zettel-notes/patches/216/b12d3cb0-aa84-41d9-bff3-0f243a192606.diff
untracked file, adding: .zettel-notes/patches/242/674138b9-74c8-4907-b539-f625dd361ab7.diff
untracked file, adding: .zettel-notes/patches/292/06e10960-72b8-427f-9993-8cf48e04a26e.diff
untracked file, adding: .zettel-notes/patches/153/dc8ca7c9-9f9c-4cc4-aa9a-e2911f045e85.diff
untracked file, adding: .zettel-notes/patches/170/dd44a90c-b5fb-4860-b85f-6ac3eeb925f6.diff
untracked file, adding: .zettel-notes/patches/121/ae4f5357-2eb8-4158-bbd3-5fe91afdb98e.diff
untracked file, adding: .zettel-notes/patches/146/2b486308-8cc5-49b1-870d-ecbf83e615b6.diff
untracked file, adding: .zettel-notes/patches/145/87d972c3-a43f-4204-b59b-3d1f13c437b4.diff
untracked file, adding: .zettel-notes/patches/144/1895f094-35f8-496d-bc68-d9344bd43e57.diff
untracked file, adding: .zettel-notes/patches/193/a1b05d7c-b182-484f-a487-67c7f46db0d1.diff
untracked file, adding: .zettel-notes/patches/142/d18b3e59-c1dc-4a61-99ed-241126b7f00a.diff
untracked file, adding: .zettel-notes/patches/249/81e4340b-8807-40d4-ab28-41c7f6c0a921.diff
untracked file, adding: .zettel-notes/patches/47/80cfcc2c-88e7-4e54-b783-812237995e86.diff
untracked file, adding: .zettel-notes/patches/295/32c6e9f6-54b3-4d7d-a603-b926962f7950.diff
untracked file, adding: .zettel-notes/patches/143/7275ee5a-6ce1-4888-8de1-0c0038ba81cf.diff
untracked file, adding: .zettel-notes/patches/14/d7a83201-fdcd-4dea-a3fd-ac1381b3699f.diff
untracked file, adding: .zettel-notes/patches/201/6926a2fe-4ddf-4458-9a54-f215667804e1.diff
untracked file, adding: .zettel-notes/patches/308/e8ec486d-24b8-4681-9c9b-da2856d6c40f.diff
untracked file, adding: .zettel-notes/patches/303/2d5f3063-3314-4794-8f86-e22610bcc8b5.diff
untracked file, adding: .zettel-notes/patches/47/88c3fb9e-aee2-4639-8fc3-70c1579f8c41.diff
untracked file, adding: .zettel-notes/patches/70/6b7c1324-8ef7-432c-bebf-d397b4b60ac6.diff
untracked file, adding: .zettel-notes/patches/293/8cbeb07d-7df9-46da-bb03-64e070b00314.diff
untracked file, adding: .zettel-notes/patches/146/d38ffe6e-3e25-4355-8aa5-454dfaddb93f.diff
untracked file, adding: .zettel-notes/patches/139/0c7bbeef-01d8-41d4-be6b-5dbac72a53a6.diff
untracked file, adding: .zettel-notes/patches/150/c996eb86-8e1a-45ce-8823-56c26c3cbd46.diff
untracked file, adding: .zettel-notes/patches/34/16f49fa4-c166-4e17-9291-1587a47309f2.diff
untracked file, adding: .zettel-notes/patches/167/561c1804-b46c-4bc5-babd-492cab46ecd1.diff
untracked file, adding: .zettel-notes/patches/298/f1ab8bd4-a06d-4e78-b6c1-d0ce5f080333.diff
untracked file, adding: .zettel-notes/patches/58/54e1cc6d-6196-47c0-b4a7-0c9e8ed3a633.diff
untracked file, adding: .zettel-notes/patches/167/c4a4473d-3bf5-4a2f-9b03-42560f8da7f2.diff
untracked file, adding: .zettel-notes/patches/148/ffec0792-b6a8-4934-9580-b110a43a338b.diff
untracked file, adding: .zettel-notes/patches/230/79f50b19-9e40-497b-b24b-c24022c128b9.diff
untracked file, adding: .zettel-notes/patches/161/ed1a6717-4ab8-4cd8-8d4e-2add9651dd31.diff
untracked file, adding: .zettel-notes/patches/14/f0aca771-a2dc-4744-8aec-f8bc7762adc6.diff
untracked file, adding: .zettel-notes/patches/70/3cea8d4b-ab9a-4d3b-bd66-78795506cafd.diff
untracked file, adding: .zettel-notes/patches/78/ac330661-06c8-4d5d-beb6-571d2338d746.diff
untracked file, adding: .zettel-notes/patches/242/0b384263-685e-4c12-958e-f687cf637011.diff
untracked file, adding: .zettel-notes/patches/219/8995882d-dd24-426f-a2a9-42737f1a84d9.diff
untracked file, adding: .zettel-notes/patches/14/2fe010b4-e6b2-4bb5-ba71-c5272f0c8d5b.diff
untracked file, adding: .zettel-notes/patches/303/cff82748-447c-436a-a1e1-68f6ffbd1278.diff
untracked file, adding: .zettel-notes/patches/219/c1aba110-526a-4d82-ad4c-decac427376b.diff
untracked file, adding: .zettel-notes/patches/66/9ed61526-18f4-470f-a740-fe4644f679f7.diff
untracked file, adding: .zettel-notes/patches/120/207b5422-2141-4d39-bd06-a9d91cee4c5f.diff
untracked file, adding: .zettel-notes/patches/129/5c77f262-062b-481e-9629-7716d962e435.diff
untracked file, adding: .zettel-notes/patches/137/b6b5b501-7d81-4dcb-b07c-ab7d4c6f77cf.diff
untracked file, adding: .zettel-notes/patches/297/76f59fc4-4c98-4168-aef2-edd190e7fce9.diff
untracked file, adding: .zettel-notes/patches/157/4173f5f0-6541-4ae8-98d9-920b7c075286.diff
untracked file, adding: .zettel-notes/patches/170/08974acd-5a9e-426e-8d12-0c39170d776c.diff
untracked file, adding: .zettel-notes/patches/293/93b484d1-e07c-4b49-810e-7e1a7a515ab4.diff
untracked file, adding: .zettel-notes/patches/170/372246eb-893a-4fd4-b2dd-a49e925d3642.diff
untracked file, adding: .zettel-notes/patches/306/10e55d28-02a2-49ef-ba08-8e7c31071813.diff
untracked file, adding: .zettel-notes/patches/207/1acfb7f5-8502-4827-9b65-fd38ce1c1835.diff
untracked file, adding: .zettel-notes/patches/162/584375c5-568a-45d1-a0c3-bd5372112181.diff
untracked file, adding: .zettel-notes/patches/188/2651c0d0-0be0-4342-b474-5ce35ac73f6d.diff
untracked file, adding: .zettel-notes/patches/214/65048a71-4014-495b-b329-051543fdfc36.diff
untracked file, adding: .zettel-notes/patches/205/af8425da-1c1b-44b7-a4a3-983caba0f0a5.diff
untracked file, adding: .zettel-notes/patches/137/993db49c-6436-4438-bbf3-6019b09a5ed4.diff
untracked file, adding: .zettel-notes/patches/66/b4382e0a-f4a8-4d40-8874-eb658f3e0fea.diff
untracked file, adding: .zettel-notes/patches/146/38337a59-55f9-4c4e-ab09-4dcad871d086.diff
untracked file, adding: .zettel-notes/patches/195/4d5c88e0-2e01-4ce6-a16a-e08024399f9b.diff
untracked file, adding: .zettel-notes/patches/203/00536ee4-234f-4e14-ac1f-72fa95863db4.diff
untracked file, adding: .zettel-notes/patches/21/6df550b2-0261-4adc-85b9-a5f9865f3241.diff
untracked file, adding: .zettel-notes/patches/70/1cdefa63-3e66-409f-9941-8ea0a20d1cc0.diff
untracked file, adding: .zettel-notes/patches/126/cce8f0fe-9a22-4de4-9e77-98408a4eb454.diff
untracked file, adding: .zettel-notes/patches/66/9ba926c3-8083-4c27-9d82-286d63652b07.diff
untracked file, adding: .zettel-notes/patches/120/0a89f724-3f40-4d34-860c-2132a7bb35c6.diff
untracked file, adding: .zettel-notes/patches/59/5f1b8d78-ebbf-4874-99ab-b977001f5bd4.diff
untracked file, adding: .zettel-notes/patches/117/af7c7b82-6932-4c95-9bcd-dc065729c2a2.diff
untracked file, adding: .zettel-notes/patches/139/2a380568-4603-40d9-96ab-39d86bd0400b.diff
untracked file, adding: .zettel-notes/patches/160/0ad7176f-9dae-4540-a00f-b4b85522a501.diff
untracked file, adding: .zettel-notes/patches/170/c1f0b8f1-5dad-49ed-80d9-cf024d51eb17.diff
untracked file, adding: .zettel-notes/patches/159/068dc647-4cfd-4f36-9584-a2a657628dc5.diff
untracked file, adding: .zettel-notes/patches/297/d4dc5db1-b4f2-477b-8385-17f3218a23e5.diff
untracked file, adding: .zettel-notes/patches/64/0c530c38-4190-4050-8481-142f9adba09a.diff
untracked file, adding: .zettel-notes/patches/195/0a70c12c-a7b3-4346-8af2-2d15df7196fd.diff
untracked file, adding: .zettel-notes/patches/128/9bb51117-8264-4378-9fc5-6bc0a65d4448.diff
untracked file, adding: .zettel-notes/patches/217/b527d486-c816-40d1-a2d7-8c6005ae4c88.diff
untracked file, adding: .zettel-notes/patches/295/9b421ecc-0a05-4309-82ba-ed87ab32d7df.diff
untracked file, adding: .zettel-notes/patches/63/97ef35c0-a4c7-4008-b34d-3bc0e2d3ce4a.diff
untracked file, adding: .zettel-notes/logs/sync/2025-09-18.log
untracked file, adding: .zettel-notes/patches/163/4d9b9c52-097e-4d61-842e-35ee3ebf1bae.diff
untracked file, adding: .zettel-notes/patches/124/16ee58c6-c5e7-4297-b5ad-abb59160b108.diff
untracked file, adding: .zettel-notes/patches/169/c62e9a28-8bfe-4597-9517-7bb37a7c8b1e.diff
untracked file, adding: .zettel-notes/patches/137/e61a9bec-5e2e-47c4-bc10-37713e40dcfe.diff
untracked file, adding: .zettel-notes/patches/87/9122fc9c-8cad-4726-860f-15cf6892a218.diff
untracked file, adding: .zettel-notes/patches/123/38ab1c52-f61d-4e7f-b9dd-16d111791d33.diff
untracked file, adding: .zettel-notes/patches/54/0f3e4509-53f3-4fd8-943a-db8b4f0eb9a7.diff


==============
20250927155649
==============
untracked file, adding: .zettel-notes/logs/sync/2025-09-27.log


==============
20250927171657
==============
untracked file, adding: .zettel-notes/patches/129/4f9bcad7-96bc-4cf1-801d-e66dfb64510e.diff
untracked file, adding: .zettel-notes/patches/322/940d725e-1eb0-4d26-a555-8622c5c14dea.diff
untracked file, adding: .zettel-notes/patches/119/76615d4d-3e60-429e-ba52-746f771f2004.diff
untracked file, adding: .zettel-notes/patches/333/d8b8592b-9d65-4a55-949f-716bad508e53.diff
untracked file, adding: .zettel-notes/patches/361/a6af60d2-4f80-4528-97e3-2adf05c9318c.diff
untracked file, adding: .zettel-notes/patches/321/a22bc26b-392f-4b81-9858-f6cb73d27a67.diff
untracked file, adding: .zettel-notes/patches/326/178ca1f1-ae1f-44b9-95fc-fecdd4137c4d.diff
untracked file, adding: .zettel-notes/patches/47/840915d1-d74e-48a9-ab90-6d2189287422.diff
untracked file, adding: .zettel-notes/patches/128/3c620e7a-b953-43c9-9123-884098166443.diff
untracked file, adding: .zettel-notes/patches/133/63674f5b-7321-4fa2-848b-f60fe868660c.diff
untracked file, adding: .zettel-notes/patches/142/dcf535f8-4fe5-4a20-a7b1-716644b5c263.diff
untracked file, adding: .zettel-notes/patches/167/a8be2ee0-193e-4b90-9b36-bfdd9e04e673.diff
untracked file, adding: .zettel-notes/patches/18/34c6fa40-35c6-456d-a0be-798025f0eaaa.diff
untracked file, adding: .zettel-notes/patches/138/db18aea5-c530-45f4-be52-80d3171065dc.diff
untracked file, adding: .zettel-notes/patches/336/2653d061-6471-45d7-9928-ad61feeef032.diff
untracked file, adding: .zettel-notes/patches/348/4d053967-be32-4221-9c00-7c8e4ad693a2.diff
untracked file, adding: .zettel-notes/patches/135/72d13456-df90-4ea4-b718-1f728560045f.diff
untracked file, adding: .zettel-notes/patches/14/45901c59-9ead-47ae-b192-932e5fd3d0e3.diff


==============
20250927172225
==============
untracked file, adding: .zettel-notes/patches/47/35ada751-fe47-422e-ac52-e3b708e70ed4.diff
untracked file, adding: .zettel-notes/patches/47/d53a25cf-0eaf-4556-b2f0-63a15596df97.diff


==============
20250927205532
==============
untracked file, adding: .zettel-notes/patches/137/c7e7a4ff-0acc-4a64-ba7a-7611c129f81f.diff
untracked file, adding: .zettel-notes/patches/124/6a63671e-bde3-4d55-9324-792b07ac7f3a.diff
untracked file, adding: .zettel-notes/patches/322/75f9d98c-a651-4841-bee6-b89ae5bb392f.diff

